Page not found!
Page not found!
Page not found!
Page not found!
Page not found!
Page not found!
Page not found!
Page not found!
Page not found!
Page not found!
Page not found!
Page not found!
Page not found!
Page not found!
Page not found!
Page not found!
Page not found!
Page not found!
Page not found!
Page not found!
Page not found!
Page not found!
Page not found!
Page not found!
Page not found!
Page not found!
Page not found!
Page not found!
Page not found!
Page not found!
Page not found!
Page not found!
Page not found!
Page not found!
Page not found!
Page not found!
Page not found!
Page not found!
Page not found!
Page not found!
Page not found!
Page not found!
Page not found!
Page not found!
Page not found!
Page not found!
Page not found!
Page not found!
Page not found!
Page not found!
Page not found!
Page not found!
Page not found!/ScandiwebProject/ScandiwebProject/css/style.css
Page not found!/ScandiwebProject/ScandiwebProject/js/script.js
Page not found!/ScandiwebProject/indexh.php
Page not found!/ScandiwebProject/indexh.php
Page not found!/ScandiwebProject/ScandiwebProject/js/script.js
Page not found!/ScandiwebProject/ScandiwebProject/css/style.css
Page not found!/ScandiwebProject/indexl.php
Page not found!/ScandiwebProject/ScandiwebProject/css/style.css
Page not found!/ScandiwebProject/ScandiwebProject/js/script.js
Page not found!/ScandiwebProject/ScandiwebProject/js/script.js
Page not found!/ScandiwebProject/ScandiwebProject/css/style.css
Page not found!/ScandiwebProject/ScandiwebProject/css/style.css
Page not found!/ScandiwebProject/ScandiwebProject/js/script.js
Page not found!/ScandiwebProject/View/ScandiwebProject/css/style.css
Page not found!/ScandiwebProject/View/ScandiwebProject/js/script.js
Page not found!/ScandiwebProject/View/ScandiwebProject/js/script.js
Page not found!/ScandiwebProject/View/ScandiwebProject/css/style.css
Page not found!/ScandiwebProject/View/ScandiwebProject/css/style.css
Page not found!/ScandiwebProject/View/ScandiwebProject/js/script.js
Page not found!/ScandiwebProject/View/ScandiwebProject/js/script.js
Page not found!/ScandiwebProject/View/ScandiwebProject/css/style.css
Page not found!/ScandiwebProject/ScandiwebProject/css/style.css
Page not found!/ScandiwebProject/ScandiwebProject/js/script.js
Page not found!/View/add-product.php
Page not found!/ScandiwebProject/ScandiwebProject/css/style.css
Page not found!/ScandiwebProject/ScandiwebProject/js/script.js
Page not found!/View/add-product.php
Page not found!/View/add-product.php
Page not found!/ScandiwebProject/ScandiwebProject/js/script.js
Page not found!/ScandiwebProject/ScandiwebProject/css/style.css
Page not found!/ScandiwebProject/ScandiwebProject/css/style.css
Page not found!/ScandiwebProject/ScandiwebProject/js/script.js
Page not found!/ScandiwebProject/ScandiwebProject/css/style.css
Page not found!/ScandiwebProject/ScandiwebProject/css/style.css
Page not found!/ScandiwebProject/ScandiwebProject/js/script.js
Page not found!/ScandiwebProject/ScandiwebProject/css/style.css
Page not found!/ScandiwebProject/ScandiwebProject/js/script.js
Page not found!/ScandiwebProject/ScandiwebProject/css/style.css
Page not found!/ScandiwebProject/ScandiwebProject/js/script.js
Page not found!/ScandiwebProject/ScandiwebProject/js/script.js
Page not found!/ScandiwebProject/ScandiwebProject/css/style.css
Page not found!/ScandiwebProject/ScandiwebProject/js/script.js
Page not found!/ScandiwebProject/ScandiwebProject/css/style.css
Page not found!/ScandiwebProject/ScandiwebProject/js/script.js
Page not found!/ScandiwebProject/ScandiwebProject/css/style.css
Page not found!/ScandiwebProject/ScandiwebProject/js/script.js
Page not found!/ScandiwebProject/ScandiwebProject/css/style.css
Page not found!/ScandiwebProject/ScandiwebProject/css/style.css
Page not found!/ScandiwebProject/ScandiwebProject/js/script.js
Page not found!/ScandiwebProject/ScandiwebProject/css/style.css
Page not found!/ScandiwebProject/ScandiwebProject/js/script.js
Page not found!/ScandiwebProject/ScandiwebProject/js/script.js
Page not found!/ScandiwebProject/ScandiwebProject/css/style.css
Page not found!/ScandiwebProject/ScandiwebProject/css/style.css
Page not found!/ScandiwebProject/ScandiwebProject/js/script.js
Page not found!/ScandiwebProject/ScandiwebProject/css/style.css
Page not found!/ScandiwebProject/ScandiwebProject/js/script.js
Page not found!/ScandiwebProject/ScandiwebProject/js/script.js

Page not found!/ScandiwebProject/ScandiwebProject/css/style.css
Page not found!/ScandiwebProject/ScandiwebProject/js/script.js
Page not found!/ScandiwebProject/ScandiwebProject/css/style.css
Page not found!/ScandiwebProject/ScandiwebProject/js/script.js
Page not found!/ScandiwebProject/ScandiwebProject/css/style.css
Page not found!/ScandiwebProject/ScandiwebProject/js/script.js
Page not found!/ScandiwebProject/ScandiwebProject/css/style.css
Page not found!/ScandiwebProject/ScandiwebProject/js/script.js
Page not found!/ScandiwebProject/ScandiwebProject/js/script.js
Page not found!/ScandiwebProject/ScandiwebProject/css/style.css
Page not found!/ScandiwebProject/ScandiwebProject/css/style.css
Page not found!/ScandiwebProject/ScandiwebProject/js/script.js
Page not found!/ScandiwebProject/ScandiwebProject/js/script.js
Page not found!/ScandiwebProject/ScandiwebProject/css/style.css
Page not found!/ScandiwebProject/ScandiwebProject/css/style.css
Page not found!/ScandiwebProject/ScandiwebProject/js/script.js
Page not found!/ScandiwebProject/ScandiwebProject/css/style.css
Page not found!/ScandiwebProject/ScandiwebProject/js/script.js
Page not found!/ScandiwebProject/ScandiwebProject/js/script.js
Page not found!/ScandiwebProject/ScandiwebProject/css/style.css
Page not found!/ScandiwebProject/ScandiwebProject/css/style.css
Page not found!/ScandiwebProject/ScandiwebProject/js/script.js
Page not found!/ScandiwebProject/ScandiwebProject/js/script.js
Page not found!/ScandiwebProject/ScandiwebProject/css/style.css
Page not found!/ScandiwebProject/ScandiwebProject/css/style.css
Page not found!/ScandiwebProject/ScandiwebProject/js/script.js
Page not found!/ScandiwebProject/ScandiwebProject/css/style.css
Page not found!/ScandiwebProject/ScandiwebProject/js/script.js
Page not found!/ScandiwebProject/ScandiwebProject/css/style.css
Page not found!/ScandiwebProject/ScandiwebProject/js/script.js
Page not found!/ScandiwebProject/ScandiwebProject/css/style.css
Page not found!/ScandiwebProject/ScandiwebProject/js/script.js
Page not found!/ScandiwebProject/ScandiwebProject/css/style.css
Page not found!/ScandiwebProject/ScandiwebProject/js/script.js
Page not found!/ScandiwebProject/ScandiwebProject/css/style.css
Page not found!/ScandiwebProject/ScandiwebProject/js/script.js
Page not found!/ScandiwebProject/ScandiwebProject/js/script.js
Page not found!/ScandiwebProject/ScandiwebProject/css/style.css
Page not found!/ScandiwebProject/ScandiwebProject/css/style.css
Page not found!/ScandiwebProject/ScandiwebProject/js/script.js
Page not found!/ScandiwebProject/ScandiwebProject/css/style.css
Page not found!/ScandiwebProject/ScandiwebProject/js/script.js
Page not found!/ScandiwebProject/ScandiwebProject/css/style.css
Page not found!/ScandiwebProject/ScandiwebProject/js/script.js
Page not found!/ScandiwebProject/ScandiwebProject/css/style.css
Page not found!/ScandiwebProject/ScandiwebProject/js/script.js
Page not found!/ScandiwebProject/ScandiwebProject/js/script.js
Page not found!/ScandiwebProject/ScandiwebProject/css/style.css
Page not found!/ScandiwebProject/ScandiwebProject/css/style.css
Page not found!/ScandiwebProject/ScandiwebProject/js/script.js
Page not found!/ScandiwebProject/ScandiwebProject/css/style.css
Page not found!/ScandiwebProject/ScandiwebProject/js/script.js
Page not found!/ScandiwebProject/ScandiwebProject/css/style.css
Page not found!/ScandiwebProject/ScandiwebProject/js/script.js
Page not found!/ScandiwebProject/ScandiwebProject/css/style.css
Page not found!/ScandiwebProject/ScandiwebProject/js/script.js
Page not found!/ScandiwebProject/ScandiwebProject/js/script.js
Page not found!/ScandiwebProject/ScandiwebProject/css/style.css
Page not found!/ScandiwebProject/ScandiwebProject/js/script.js
Page not found!/ScandiwebProject/ScandiwebProject/css/style.css
Page not found!/ScandiwebProject/ScandiwebProject/js/script.js
Page not found!/ScandiwebProject/ScandiwebProject/css/style.css
Page not found!/ScandiwebProject/index.php
Page not found!/ScandiwebProject/add-product.php
Page not found!/add-product.php
Page not found!/ScandiwebProject/index.php
Page not found!/ScandiwebProject/index.php
Page not found!/ScandiwebProject/index.php
Page not found!/ScandiwebProject/ScandiwebProject/css/style.css
Page not found!/ScandiwebProject/ScandiwebProject/js/script.js
Page not found!/ScandiwebProject/index.php
Page not found!/scandiweb/
Page not found!/ScandiwebProject/index.php
Page not found!/ScandiwebProject/index.php
Page not found!/ScandiwebProject/
Page not found!/ScandiwebProject/
Page not found!/ScandiwebProject/
Page not found!/ScandiwebProject/index.php
Page not found!/ScandiwebProject/index.php
Page not found!/ScandiwebProject/index.php
Page not found!/ScandiwebProject/
Page not found!/ScandiwebProject/
Page not found!/ScandiwebProject/
Page not found!/ScandiwebProject/
Page not found!/ScandiwebProject/index.php
Page not found!/ScandiwebProject/
Page not found!/ScandiwebProject/index.php
Page not found!/ScandiwebProject/ScandiwebProject/js/script.js
Page not found!/ScandiwebProject/ScandiwebProject/css/style.css
Page not found!/ScandiwebProject/index.php
Page not found!/ScandiwebProject/index.php
Page not found!/index.php
Page not found!/ScandiwebProject/
Page not found!/index.php
Page not found!/ScandiwebProject/index.php
Page not found!/ScandiwebProject/index.php
Page not found!/View/exceptions/page-not-found.php
